11/07/2017 23:36:01 devpinoyLogger Navigating to Get vehicle information from DVLA -  using browser chrome
11/07/2017 23:36:02 devpinoyLogger Clicking on the Start Now button on the DVLA get vehicle info page
11/07/2017 23:36:04 devpinoyLogger Entering the registration no in the input field
11/07/2017 23:36:04 devpinoyLogger Clicking on Continue button
11/07/2017 23:36:04 devpinoyLogger Verifying error messages to user on  entering invalid registration numbers
11/07/2017 23:36:07 devpinoyLogger Navigating to Get vehicle information from DVLA -  using browser chrome
11/07/2017 23:36:08 devpinoyLogger Clicking on the Start Now button on the DVLA get vehicle info page
11/07/2017 23:36:10 devpinoyLogger Entering the registration no in the input field
11/07/2017 23:36:10 devpinoyLogger Clicking on Continue button
11/07/2017 23:36:10 devpinoyLogger Verifying error messages to user on  entering invalid registration numbers
11/07/2017 23:36:13 devpinoyLogger Navigating to Get vehicle information from DVLA -  using browser chrome
11/07/2017 23:36:14 devpinoyLogger Clicking on the Start Now button on the DVLA get vehicle info page
11/07/2017 23:36:16 devpinoyLogger Entering the registration no in the input field
11/07/2017 23:36:16 devpinoyLogger Clicking on Continue button
11/07/2017 23:36:16 devpinoyLogger Verifying error messages to user on  entering invalid registration numbers
11/07/2017 23:36:20 devpinoyLogger Navigating to Get vehicle information from DVLA -  using browser chrome
11/07/2017 23:36:21 devpinoyLogger Clicking on the Start Now button on the DVLA get vehicle info page
11/07/2017 23:36:22 devpinoyLogger Entering the registration no in the input field
11/07/2017 23:36:22 devpinoyLogger Clicking on Continue button
11/07/2017 23:36:23 devpinoyLogger Verifying error messages to user on  entering invalid registration numbers
11/07/2017 23:36:27 devpinoyLogger Navigating to Get vehicle information from DVLA -  using browser chrome
11/07/2017 23:36:30 devpinoyLogger Clicking on the Start Now button on the DVLA get vehicle info page
11/07/2017 23:36:32 devpinoyLogger Entering the registration no in the input field
11/07/2017 23:36:32 devpinoyLogger Clicking on Continue button
11/07/2017 23:36:32 devpinoyLogger Verifying error messages to user on  entering invalid registration numbers
11/07/2017 23:36:35 devpinoyLogger Navigating to Get vehicle information from DVLA -  using browser chrome
11/07/2017 23:36:36 devpinoyLogger Clicking on the Start Now button on the DVLA get vehicle info page
11/07/2017 23:36:37 devpinoyLogger Entering the registration no in the input field
11/07/2017 23:36:38 devpinoyLogger Clicking on Continue button
11/07/2017 23:36:38 devpinoyLogger Verifying Message - Vechile details not found
11/07/2017 23:36:41 devpinoyLogger Navigating to Get vehicle information from DVLA -  using browser chrome
11/07/2017 23:36:42 devpinoyLogger Clicking on the Start Now button on the DVLA get vehicle info page
11/07/2017 23:36:44 devpinoyLogger Entering the registration no in the input field
11/07/2017 23:36:44 devpinoyLogger Clicking on Continue button
11/07/2017 23:36:44 devpinoyLogger Verifying Vehicle Make and Colour for the entered Registration Number
11/07/2017 23:36:48 devpinoyLogger Navigating to Get vehicle information from DVLA -  using browser chrome
11/07/2017 23:36:49 devpinoyLogger Clicking on the Start Now button on the DVLA get vehicle info page
11/07/2017 23:36:50 devpinoyLogger Entering the registration no in the input field
11/07/2017 23:36:50 devpinoyLogger Clicking on Continue button
11/07/2017 23:36:51 devpinoyLogger Verifying Vehicle Make and Colour for the entered Registration Number
11/07/2017 23:36:54 devpinoyLogger Navigating to Get vehicle information from DVLA -  using browser chrome
11/07/2017 23:36:55 devpinoyLogger Clicking on the Start Now button on the DVLA get vehicle info page
11/07/2017 23:36:56 devpinoyLogger Entering the registration no in the input field
11/07/2017 23:36:57 devpinoyLogger Clicking on Continue button
11/07/2017 23:36:57 devpinoyLogger Verifying Vehicle Make and Colour for the entered Registration Number
11/07/2017 23:37:00 devpinoyLogger Navigating to Get vehicle information from DVLA -  using browser chrome
11/07/2017 23:37:01 devpinoyLogger Clicking on the Start Now button on the DVLA get vehicle info page
11/07/2017 23:37:03 devpinoyLogger Entering the registration no in the input field
11/07/2017 23:37:03 devpinoyLogger Clicking on Continue button
11/07/2017 23:37:03 devpinoyLogger Verifying Vehicle Make and Colour for the entered Registration Number
11/07/2017 23:37:07 devpinoyLogger Navigating to Get vehicle information from DVLA -  using browser chrome
11/07/2017 23:37:07 devpinoyLogger Clicking on the Start Now button on the DVLA get vehicle info page
11/07/2017 23:37:09 devpinoyLogger Entering the registration no in the input field
11/07/2017 23:37:09 devpinoyLogger Clicking on Continue button
11/07/2017 23:37:10 devpinoyLogger Verifying Vehicle Make and Colour for the entered Registration Number
11/07/2017 23:37:13 devpinoyLogger Navigating to Get vehicle information from DVLA -  using browser chrome
11/07/2017 23:37:14 devpinoyLogger Clicking on the Start Now button on the DVLA get vehicle info page
11/07/2017 23:37:16 devpinoyLogger Entering the registration no in the input field
11/07/2017 23:37:16 devpinoyLogger Clicking on Continue button
11/07/2017 23:37:16 devpinoyLogger Verifying Vehicle Make and Colour for the entered Registration Number
